<?xml version="1.0" encoding="UTF-8"?>
<!-- Generated by org.testng.reporters.JUnitXMLReporter -->
<testsuite ignored="3" hostname="Mukeshs-MacBook-Pro.local" failures="0" tests="1" name="Default test" time="16.562" errors="0" timestamp="04 Aug 2024 15:13:12 GMT">
  <testcase classname="testcases.LoginTest" name="TC05_LoginFailureTest" time="8.905"/>
  <testcase classname="testcases.LoginTest" name="TC01_LoginFailureTest" time="0.0">
    <ignored/>
  </testcase> <!-- TC01_LoginFailureTest -->
  <testcase classname="testcases.LoginTest" name="TC03_LoginSuccessTest" time="0.0">
    <ignored/>
  </testcase> <!-- TC03_LoginSuccessTest -->
  <testcase classname="testcases.LoginTest" name="TC02_LoginSuccessTest" time="0.0">
    <ignored/>
  </testcase> <!-- TC02_LoginSuccessTest -->
</testsuite> <!-- Default test -->
