<?xml version="1.0" encoding="UTF-8"?>
<testng-results ignored="3" total="4" passed="1" failed="0" skipped="0">
  <reporter-output>
  </reporter-output>
  <suite started-at="2024-08-04T15:12:56Z" name="Default suite" finished-at="2024-08-04T15:13:12Z" duration-ms="16562">
    <groups>
    </groups>
    <test started-at="2024-08-04T15:12:56Z" name="Default test" finished-at="2024-08-04T15:13:12Z" duration-ms="16562">
      <class name="testcases.LoginTest">
        <test-method is-config="true" signature="SetUpExcel()[pri:0, instance:testcases.LoginTest@7a220c9a]" started-at="2024-08-04T15:12:56Z" name="SetUpExcel" finished-at="2024-08-04T15:12:57Z" duration-ms="1289" status="PASS">
          <reporter-output>
          </reporter-output>
        </test-method> <!-- SetUpExcel -->
        <test-method is-config="true" signature="SetUpDriver()[pri:0, instance:testcases.LoginTest@7a220c9a]" started-at="2024-08-04T15:12:57Z" name="SetUpDriver" finished-at="2024-08-04T15:13:03Z" duration-ms="6138" status="PASS">
          <reporter-output>
          </reporter-output>
        </test-method> <!-- SetUpDriver -->
        <test-method signature="TC05_LoginFailureTest()[pri:0, instance:testcases.LoginTest@7a220c9a]" started-at="2024-08-04T15:13:03Z" name="TC05_LoginFailureTest" finished-at="2024-08-04T15:13:12Z" duration-ms="8905" status="PASS">
          <reporter-output>
          </reporter-output>
        </test-method> <!-- TC05_LoginFailureTest -->
        <test-method is-config="true" signature="TearDown()[pri:0, instance:testcases.LoginTest@7a220c9a]" started-at="2024-08-04T15:13:12Z" name="TearDown" finished-at="2024-08-04T15:13:12Z" duration-ms="186" status="PASS">
          <reporter-output>
          </reporter-output>
        </test-method> <!-- TearDown -->
        <test-method is-config="true" signature="CloseExcel()[pri:0, instance:testcases.LoginTest@7a220c9a]" started-at="2024-08-04T15:13:12Z" name="CloseExcel" finished-at="2024-08-04T15:13:12Z" duration-ms="0" status="PASS">
          <reporter-output>
          </reporter-output>
        </test-method> <!-- CloseExcel -->
      </class> <!-- testcases.LoginTest -->
    </test> <!-- Default test -->
  </suite> <!-- Default suite -->
</testng-results>
